

00280,678   BF                                                        9615
00280,711   C1                                                        9615
00280,719   C1                                                        9615
00280,728   C1                                                        9615
00280,737   C1                                                        9615
00280,746   C1                                                        9615
00280,754   C1                                                        9615
00280,763   C1                                                        9615
00280,772   C1                                                        9615
00280,780   C1                                                        9615
00280,789   C1                                                        9615
00280,798   C1                                                        9615
00280,807   C1                                                        9615
00280,815   C1                                                        9615
00280,823   C1                                                        9615
00280,832   C1                                                        9615
00280,841   C1                                                        9615
00280,849   C1                                                        9615
00280,858   C1                                                        9615
00280,866   C1                                                        9615
00280,875   C1                                                        9615
00280,884   C1                                                        9615
00280,892   C1                                                        9615
00280,901   C1                                                        9615
00280,909   C1                                                        9615
00280,918   C1                                                        9615
00280,926   C1                                                        9615
00280,935   C1                                                        9615
00280,944   C1                                                        9615
00280,952   C1                                                        9615
00280,961   C1                                                        9615
00280,970   C1                                                        9615
00280,978   C1                                                        9615
00280,987   C1                                                        9615
00280,996   C1                                                        9615
00281,004   C1                                                        9615
00281,013   C1                                                        9615
00281,021   C1                                                        9615
00281,030   C1                                                        9615
00281,039   C1                                                        9615
00281,048   C1                                                        9615
00281,056   C1                                                        9615
00281,065   C1                                                        9615
00281,074   C1                                                        9615
00281,082   C1                                                        9615
00281,091   C1                                                        9615
00281,099   C1                                                        9615
00281,108   C1                                                        9615
00281,117   C1                                                        9615
00281,126   C1                                                        9615
00281,134   C1                                                        9597
00281,143   C1                                                        9615
00281,152   C1                                                        9615
00281,160   C1                                                        9615
00281,169   C1                                                        9615
00281,178   C1                                                        9615
00281,187   C1                                                        9615
00281,196   C1                                                        9615
00281,204   C1                                                        9615
00281,213   C1                                                        9615
00281,222   C1                                                        9615
00281,230   C1                                                        9615
00281,239   C1                                                        9615
00281,248   C1                                                        9615
00281,256   C1                                                        9615
00281,265   C1                                                        9615
00281,273   C1                                                        9615
00281,282   C1                                                        9615
00281,290   C1                                                        9615
00281,299   C1                                                        9615
00281,308   C1                                                        9615
00281,316   C1                                                        9615
00281,325   C1                                                        9615
00281,334   C1                                                        9615
00281,342   C1                                                        9615
00281,351   C1                                                        9615
00281,359   C1                                                        9615
00281,368   C1                                                        9615
00281,376   C1                                                        9615
00281,385   C1                                                        9615
00281,394   C1                                                        9615
00281,403   C1                                                        9615
00281,411   C1                                                        9615
00281,420   C1                                                        9615
00281,428   C1                                                        9615
00281,437   C1                                                        9615
00281,445   C1                                                        9615
00281,454   C1                                                        9615
00281,463   C1                                                        9615
00281,472   C1                                                        9615
00281,480   C1                                                        9615
00281,489   C1                                                        9615
00281,498   C1                                                        9615
00281,507   C1                                                        9615
00281,515   C1                                                        9615
00281,524   C1                                                        9615
00281,533   C1                                                        9615
00281,541   C1                                                        9615
00281,550   C1                                                        9615
00281,558   C1                                                        9615
00281,567   C1                                                        9615
00281,575   C1                                                        9615
00281,658   00                                                        9597
00281,675   37                                                        9615
00281,694   37                                                        9615
00281,713   37                                                        9615
00281,731   37                                                        9615
00281,749   37                                                        9615
00281,768   37                                                        9615
00281,787   37                                                        9615
00281,806   37                                                        9615
00281,824   37                                                        9615
00281,843   37                                                        9615
00281,861   37                                                        9615
00281,880   37                                                        9615
00281,899   37                                                        9615
00281,917   37                                                        9615
00281,936   37                                                        9615
00281,954   37                                                        9615
00281,973   37                                                        9615
00281,991   37                                                        9615
00282,010   37                                                        9597
00282,029   37                                                        9615
00282,048   37                                                        9615
00282,066   37                                                        9615
00282,085   37                                                        9615
00282,104   37                                                        9615
00282,122   37                                                        9615
00282,141   37                                                        9615
00282,160   37                                                        9615
00282,178   37                                                        9615
00282,197   37                                                        9615
00282,215   37                                                        9615
00282,234   37                                                        9615
00282,253   37                                                        9615
00282,271   37                                                        9615
00282,290   37                                                        9615
00282,308   37                                                        9615
00282,327   37                                                        9615
00282,346   37                                                        9615
00282,364   37                                                        9615
00282,383   37                                                        9615
00282,401   37                                                        9615
00282,420   37                                                        9615
00282,439   37                                                        9615
00282,457   37                                                        9615
00282,476   37                                                        9615
00282,494   37                                                        9615
00282,513   37                                                        9615
00282,531   37                                                        9615
00282,550   37                                                        9615
00282,569   37                                                        9615
00282,587   37                                                        9615
00282,606   37                                                        9615
00282,689   00                                                        9597
00282,706   37                                                        9615
00282,724   37                                                        9615
00282,743   37                                                        9615
00282,762   37                                                        9615
00282,781   37                                                        9615
00282,799   37                                                        9615
00282,818   37                                                        9615
00282,836   37                                                        9615
00282,854   37                                                        9615
00282,873   37                                                        9615
00282,892   37                                                        9615
00282,911   37                                                        9615
00282,929   37                                                        9615
00282,947   37                                                        9615
00282,966   37                                                        9615
00282,985   37                                                        9615
00283,003   37                                                        9615
00283,022   37                                                        9615
00283,041   37                                                        9615
00283,059   37                                                        9615
00283,078   37                                                        9615
00283,097   37                                                        9615
00283,115   37                                                        9615
00283,134   37                                                        9597
00283,153   37                                                        9615
00283,171   37                                                        9615
00283,190   37                                                        9615
00283,209   37                                                        9615
00283,227   37                                                        9615
00283,246   37                                                        9615
00283,265   37                                                        9615
00283,283   37                                                        9615
00283,302   37                                                        9615
00283,320   37                                                        9615
00283,339   37                                                        9615
00283,358   37                                                        9615
00283,376   37                                                        9615
00283,394   37                                                        9615
00283,413   37                                                        9615
00283,432   37                                                        9615
00283,450   37                                                        9615
00283,469   37                                                        9615
00283,488   37                                                        9615
00283,506   37                                                        9615
00283,525   37                                                        9615
00283,544   37                                                        9615
00283,562   37                                                        9615
00283,581   37                                                        9615
00283,599   37                                                        9615
00283,618   37                                                        9615
00283,636   37                                                        9615
00283,704   F5  00  00  00  00  00  00  00  00      FF     classic    9615
00283,723   00                                                        9597
00000,000   00                                                        9597
