

 00230,398   F0  43  B9  6D  D7  00  EC  57  06      73     classic    9615
 00230,417   3C  00  00  00  00  00  00  00  00      FF     classic    9615
 00230,436   3C  00  00  00  00  00  00  00  00      FF     classic    9615
 00230,449   B1  0E  00  E4  06  99  30  00  06      37     classic    9615
 00230,468   F0  43  B9  6D  D7  00  EC  57  06      73     classic    9615
 00230,486   3C  2E  00  00  00  00  00  00  00      D1     classic    9615
 00230,505   3C  2E  00  00  00  00  00  00  00      D1     classic    9615
 00230,529   B1  0D  04  C7  0F  06  A0  00  07      6A     classic    9615
 00230,547   F0  EA  48  4A  8D  CE  3F  31  07      AE     classic    9615
 00230,566   3C  4D  00  00  00  00  00  00  00      B2     classic    9615
 00230,585   3C  6D  00  00  00  9E  C4  BC  0F      63     classic    9615
 00230,598   3C  6D  00  00  00  9E  C4  BC  0F      63     classic    9615
 00230,617   3C  6D  00  00  00  9E  C4  BC  0F      63     classic    9615
 00230,636   3C  2D  64  4E  70  9E  C4  BC  0F      80     classic    9615
 00230,654   3C  2D  64  4E  70  9E  C4  BC  0F      80     classic    9615
 00230,693   37                                                        9615
 00230,712   37                                                        9615
 00230,731   37                                                        9615
 00230,749   37                                                        9615
 00230,767   37                                                        9615
 00230,786   37                                                        9615
 00230,804   37                                                        9615
 00230,823   37                                                        9615
 00230,841   37                                                        9615
 00230,860   37                                                        9615
 00230,879   37                                                        9615
 00230,897   37                                                        9615
 00230,916   37                                                        9615
 00230,935   37                                                        9615
 00230,953   37                                                        9615
 00230,972   37                                                        9615
 00230,991   37                                                        9615
 00231,009   37                                                        9615
 00231,028   37                                                        9615
 00231,047   37                                                        9615
 00231,066   37                                                        9615
 00231,084   37                                                        9615
 00231,102   37                                                        9615
 00231,121   37                                                        9615
 00231,140   37                                                        9615
 00231,159   37                                                        9615
 00231,178   37                                                        9615
 00231,196   37                                                        9615
 00231,215   37                                                        9615
 00231,234   37                                                        9615
 00231,252   37                                                        9615
 00231,271   37                                                        9615
 00231,290   37                                                        9615
 00231,308   37                                                        9615
 00231,326   37                                                        9615
 00231,345   37                                                        9615
 00231,364   37                                                        9615
 00231,382   37                                                        9615
 00231,401   37                                                        9615
 00231,420   37                                                        9615
 00231,439   37                                                        9615
 00231,457   37                                                        9615
 00231,476   37                                                        9615
 00231,495   37                                                        9615
 00231,513   37                                                        9615
 00231,532   37                                                        9615
 00231,550   37                                                        9615
 00231,569   37                                                        9615
 00231,587   37                                                        9615
 00231,606   37                                                        9615
 00231,625   37                                                        9615
 00231,708   00                                                        9597
 00231,725   37                                                        9615
 00231,743   37                                                        9615
 00231,762   37                                                        9615
 00231,780   37                                                        9615
 00231,799   37                                                        9615
 00231,818   37                                                        9615
 00231,836   37                                                        9615
 00231,854   37                                                        9615
 00231,873   37                                                        9615
 00231,892   37                                                        9615
 00231,910   37                                                        9615
 00231,929   37                                                        9615
 00231,947   37                                                        9615
 00231,966   37                                                        9615
 00231,985   37                                                        9615
 00232,003   37                                                        9615
 00232,022   37                                                        9615
 00232,041   37                                                        9615
 00232,059   37                                                        9615
 00232,078   37                                                        9615
 00232,096   37                                                        9615
 00232,115   37                                                        9615
 00232,133   37                                                        9615
 00232,152   37                                                        9615
 00232,171   37                                                        9615
 00232,189   37                                                        9615
 00232,208   37                                                        9615
 00232,226   37                                                        9615
 00232,245   37                                                        9615
 00232,263   37                                                        9615
 00232,282   37                                                        9615
 00232,301   37                                                        9615
 00232,320   37                                                        9615
 00232,338   37                                                        9615
 00232,357   37                                                        9615
 00232,376   37                                                        9615
 00232,394   37                                                        9615
 00232,413   37                                                        9615
 00232,432   37                                                        9615
 00232,450   37                                                        9615
 00232,468   37                                                        9615
 00232,487   37                                                        9615
 00232,506   37                                                        9615
 00232,524   37                                                        9615
 00232,543   37                                                        9615
 00232,562   37                                                        9615
 00232,580   37                                                        9615
 00232,599   37                                                        9615
 00232,617   37                                                        9615
 00232,636   37                                                        9615
 00232,655   37                                                        9615
 00233,128   00                                                        9597
