00177,964   11  00  00                              FF     classic    9615
00177,973   B1  01  54  39  3C  B2  D4  B9  6F      84     classic    9615
00177,992   F5  02  00  00  00  00  00  00  00      FD     classic    9615
00178,011   F5  41  51  2E  00  99  00  00  00      A5     classic    9615
00178,030   F5  41  51  2E  00  99  00  00  00      A5     classic    9615
00178,043   B1  05  A7  EC  B5  B6  00  00  00      F9     classic    9615
00178,062   F5  22  5D  08  31  5D  3E  BD  22      CB     classic    9615
00178,081   F5  22  5D  08  31  5D  3E  BD  22      CB     classic    9615
00178,095   F5  41  90  14  AD  93  00  00  00      D8     classic    9615
00178,114   F5  41  90  14  AD  93  00  00  00      D8     classic    9615
00178,132   11  00  00                              FF     classic    9615
00178,141   C1  04  01                              FA     classic    9615
00178,150   92                                                        9615
00178,159   37  04  02  5A  38  61  9A  A7  00      C3     classic    9615
00178,178   2E  00  00  57  00  00  53  AA  71      39     classic    9615
00178,192   7D  30  AF  A0  AD  CE  57  00  00      AB     classic    9615
00178,211   7D  30  AF  A0  AD  CE  57  00  00      AB     classic    9615
00178,230   C1  08  03                              F4     classic    9615
00178,239   C1  08  04                              F3     classic    9615
00178,248   C1  08  05                              F2     classic    9615
00178,256   C1  08  06                              F1     classic    9615
00178,265   C1  08  07                              F0     classic    9615
00178,274   C1  08  08                              EF     classic    9615
00178,283   C1  08  09                              EE     classic    9615
00178,291   C1  08  0A                              ED     classic    9615
00178,300   C1  08  0B                              EC     classic    9615
00178,309   C1  08  0C                              EB     classic    9615
00178,319   C1  08  0D                              EA     classic    9615
00178,327   C1  08  0E                              E9     classic    9615
00178,336   C1  08  0F                              E8     classic    9615
00178,345   C1  08  10                              E7     classic    9615
00178,354   C1  08  11                              E6     classic    9615
00178,362   C1  08  12                              E5     classic    9615
00178,371   C1  08  13                              E4     classic    9615
00178,380   C1  08  14                              E3     classic    9615
00178,389   C1  08  15                              E2     classic    9615
00178,398   C1  08  16                              E1     classic    9615
00178,407   C1  08  17                              E0     classic    9615
00178,415   C1  08  18                              DF     classic    9615
00178,425   C1  08  19                              DE     classic    9615
00178,434   C1  08  1A                              DD     classic    9615
00178,442   C1  08  1B                              DC     classic    9615
00178,451   C1  07  1C                              DC     classic    9615
00178,460   C1  07  1D                              DB     classic    9615
00178,468   11  00  00                              FF     classic    9615
00178,477   C1                                                        9615
00178,486   92                                                        9615
00178,495   00                                                        9597
00188,101   11  00  00                              FF     classic    9615
00188,110   C1                                                        9615
00188,119   92                                                        9615
00188,128   11  00  00                              FF     classic    9615
00188,136   C1                                                        9615
00188,145   92                                                        9615
00188,154   11  00  00                              FF     classic    9615
00188,163   C1  08  01                              F6     classic    9615
00188,171   92                                                        9615
00188,180   11  00  00                              FF     classic    9615
00188,189   C1  08  02                              F5     classic    9615
00188,198   92                                                        9615
00188,206   11  00  00                              FF     classic    9615
00188,215   C1  07  03                              F5     classic    9615
00188,224   92                                                        9615
00188,233   11  00  00                              FF     classic    9615
00188,241   C1  07  04                              F4     classic    9615
00188,250   92                                                        9615
00188,259   37  07  05  D5  93  2A  13  96  00      B6     classic    9615
00188,278   2E  00  00  37  00  00  33  CC  75      53     classic    9615
00188,297   6F  00  60                              9F     classic    9615
00188,305   37  07  06  D5  93  2A  13  96  00      B5     classic    9615
00188,324   2E  00  00  17  00  00  13  EE  75      71     classic    9615
00188,343   6F  00  60                              9F     classic    9615
00188,351   37  07  07  D5  93  2A  13  96  00      B4     classic    9615
00188,370   2E  00  00  E7  00  00  E3  11  75      AD     classic    9615
00188,389   6F  00  60                              9F     classic    9615
00188,398   37  07  08  D5  93  2A  13  96  00      B3     classic    9615
00188,416   2E  00  00  C7  00  00  C3  33  75      CB     classic    9615
00188,435   6F  00  60                              9F     classic    9615
00188,444   37  07  09  D5  93  2A  13  96  00      B2     classic    9615
00188,463   2E  00  00  97  00  00  93  66  75      F8     classic    9615
00188,481   6F  00  60                              9F     classic    9615
00188,490   37  87  0A  D5  93  2A  13  96  00      31     classic    9615
00188,509   2E  00  00  77  00  00  73  88  75      17     classic    9615
00188,522   7D  CF  00  00  00  00  00  00  00      30     classic    9615
00188,542   7D  CF  00  00  00  00  00  00  00      30     classic    9615
00188,560   C1  88  0B                              6C     classic    9615
00188,569   C1  88  0C                              6B     classic    9615
00188,578   C1  88  0D                              6A     classic    9615
00188,587   61  8C  13  07  C3                      95     classic    9615
00188,600   32  01  00  31  34  07  34  43  00      1B     classic    9615
00188,619   C1  88  0E                              69     classic    9615
00188,628   61  8C  13  07  C3                      95     classic    9615
00188,643   32  02  37  47  39  4E  00  00  00      F7     classic    9615
00188,661   C1  88  0F                              68     classic    9615
00188,670   61  8C  13  07  C3                      95     classic    9615
00188,684   32  03  33  46  38  38  30  00  00      E2     classic    9615
00188,703   C1  88  10                              67     classic    9615
00188,712   61  8C  13  07  C3                      95     classic    9615
00188,726   32  04  44  45  00  00  00  00  00      72     classic    9615
00188,744   C1  88  11                              66     classic    9615
00188,753   61  8C  13  07  C3                      95     classic    9615
00188,767   32  01  00  31  34  07  34  43  00      1B     classic    9615
00188,786   C1  88  12                              65     classic    9615
00188,795   61  8C  13  07  C3                      95     classic    9615
00188,809   32  02  37  47  39  4E  00  00  00      F7     classic    9615
00188,828   C1  88  13                              64     classic    9615
00188,836   61  8C  13  07  C3                      95     classic    9615
00188,851   32  03  33  46  38  38  30  00  00      E2     classic    9615
00188,869   C1  88  14                              63     classic    9615
00188,878   61  8C  13  07  C3                      95     classic    9615
00188,892   32  04  44  45  00  00  00  00  00      72     classic    9615
00188,910   C1  88  15                              62     classic    9615
00188,919   61  8C  13  07  C3                      95     classic    9615
00188,933   32  01  00  31  34  07  34  43  00      1B     classic    9615
00188,952   C1  88  16                              61     classic    9615
00188,961   61  8C  13  07  C3                      95     classic    9615
00188,975   32  02  37  47  39  4E  00  00  00      F7     classic    9615
00188,994   C1  88  17                              60     classic    9615
00189,003   61  8C  13  07  C3                      95     classic    9615
00189,017   32  03  33  46  38  38  30  00  00      E2     classic    9615
00189,036   C1  88  18                              5F     classic    9615
00189,044   61  8C  13  07  C3                      95     classic    9615
00189,058   32  04  44  45  00  00  00  00  00      72     classic    9615
00189,076   C1  84  19                              62     classic    9615
00189,086   61  8C  13  07  C3                      95     classic    9615
00189,094   11  00  00                              FF     classic    9615
00189,103   C1  84  1A                              61     classic    9615
00189,112   92                                                        9615
00189,121   11                                                        9615
00189,123   00                                                        9597
