// inser key
00000,000   B1  01  FF  68  70  F1  11  D9  18      31     classic    9615     
00000,948   F5  02  00  00  00  00  00  00  00      FD     classic    9615     
00000,014   F5  02  00  00  00  00  00  00  00      FD     classic    9615     
00000,033   F5  41  51  2E  00  99  00  00  00      A5     classic    9615     
00000,052   F5  41  51  2E  00  99  00  00  00      A5     classic    9615     
00000,065   B1  05  B8  73  0F  06  00  00  00      B9     classic    9615     
00000,084   F5  22  AC  37  45  2B  5C  0A  07      1C     classic    9615     
00000,103   F5  22  AC  37  45  2B  5C  0A  07      1C     classic    9615     
00000,122   F5  41  FC  35  37  C0  00  00  00      94     classic    9615     
00000,141   F5  41  FC  35  37  C0  00  00  00      94     classic    9615     
00000,160   11  00  00                              FF     classic    9615     
00000,169   C1  04  01                              FA     classic    9615    
00000,178   92                                                        9615
00000,186   11  00  00                              FF     classic    9615     
00000,195   37  04  02  A7  22  D4  01  B9  00      A0     classic    9615     
00000,214   2E  00  00  17  00  00  13  EE  71      75     classic    9615     
00000,228   7D  30  ED  81  DD  1D  78  00  00      EC     classic    9615     
00000,246   7D  30  ED  81  DD  1D  78  00  00      EC     classic    9615     
00000,265   C1  08  03                              F4     classic    9615     
00000,274   C1  08  04                              F3     classic    9615     
00000,283   C1  08  05                              F2     classic    9615     
00000,291   C1  08  06                              F1     classic    9615     
00000,300   C1  08  07                              F0     classic    9615     
00000,309   C1  08  08                              EF     classic    9615     
00000,319   C1  08  09                              EE     classic    9615     
00000,327   C1  08  0A                              ED     classic    9615     
00000,336   C1  08  0B                              EC     classic    9615     
00000,345   C1  08  0C                              EB     classic    9615     
00000,353   C1  08  0D                              EA     classic    9615     
00000,362   C1  08  0E                              E9     classic    9615     
00000,371   C1  08  0F                              E8     classic    9615     
00000,380   C1  08  10                              E7     classic    9615     
00000,389   C1  08  11                              E6     classic    9615     
00000,397   C1  08  12                              E5     classic    9615     
00000,406   C1  08  13                              E4     classic    9615     
00000,415   C1  08  14                              E3     classic    9615     
00000,424   C1  08  15                              E2     classic    9615     
00000,433   C1  08  16                              E1     classic    9615     
00000,442   C1  08  17                              E0     classic    9615     
00000,451   C1  08  18                              DF     classic    9615     
00000,460   C1  08  19                              DE     classic    9615     
00000,469   C1  08  1A                              DD     classic    9615     
00000,478   C1  07  1B                              DD     classic    9615     
00000,487   C1  07  1C                              DC     classic    9615     
00000,496   11  00  00                              FF     classic    9615     
00000,504   C1  07  1D                              DB     classic    9615
00000,513   92                                                        9615  
00000,522   11  00  00                              FF     classic    9615
00000,531   00                                                        9597  

// exit key
00010,281   11  00  00                              FF     classic    9615
00010,290   C1                                                        9615
00010,299   92                                                        9615  
00010,308   11  00  00                              FF     classic    9615
00010,317   C1                                                        9615
00010,326   92                                                        9615  
00010,335   11  00  00                              FF     classic    9615     
00010,343   C1  08  01                              F6     classic    9615
00010,352   92                                                        9615  
00010,361   11  00  00                              FF     classic    9615     
00010,370   C1  08  02                              F5     classic    9615
00010,379   92                                                        9615  
00010,387   11  00  00                              FF     classic    9615     
00010,396   C1  07  03                              F5     classic    9615
00010,405   92                                                        9615  
00010,414   11  00  00                              FF     classic    9615     
00010,423   C1  07  04                              F4     classic    9615     
00010,432   37  07  05  77  C4  7B  89  96  00      1C     classic    9615     
00010,451   2E  00  00  D7  00  00  D3  22  75      BC     classic    9615     
00010,470   6F  00  60                              9F     classic    9615     
00010,479   37  07  06  77  C4  7B  89  96  00      1B     classic    9615     
00010,497   2E  00  00  A7  00  00  A3  55  75      E9     classic    9615     
00010,516   6F  00  60                              9F     classic    9615     
00010,525   37  07  07  77  C4  7B  89  96  00      1A     classic    9615     
00010,544   2E  00  00  87  00  00  83  77  75      08     classic    9615     
00010,563   6F  00  60                              9F     classic    9615     
00010,572   37  07  08  77  C4  7B  89  96  00      19     classic    9615     
00010,591   2E  00  00  57  00  00  53  AA  75      35     classic    9615     
00010,609   6F  00  60                              9F     classic    9615     
00010,618   37  07  09  77  C4  7B  89  96  00      18     classic    9615     
00010,638   2E  00  00  37  00  00  33  CC  75      53     classic    9615     
00010,656   6F  00  60                              9F     classic    9615     
00010,665   37  87  0A  77  C4  7B  89  96  00      96     classic    9615     
00010,683   7D  CF  00  00  00  00  00  00  00      30     classic    9615     
00010,702   7D  CF  00  00  00  00  00  00  00      30     classic    9615     
00010,721   C1  88  0B                              6C     classic    9615     
00010,730   C1  88  0C                              6B     classic    9615     
00010,739   C1  88  0D                              6A     classic    9615     
00010,748   61  8C  13  07  C3                      95     classic    9615     
00010,762   32  01  00  31  34  07  34  43  00      1B     classic    9615     
00010,780   C1  88  0E                              69     classic    9615     
00010,789   61  8C  13  07  C3                      95     classic    9615     
00010,803   32  02  37  47  39  4E  00  00  00      F7     classic    9615     
00010,822   C1  88  0F                              68     classic    9615     
00010,831   61  8C  13  07  C3                      95     classic    9615     
00010,845   32  03  33  46  38  38  30  00  00      E2     classic    9615     
00010,863   C1  88  10                              67     classic    9615     
00010,872   61  8C  13  07  C3                      95     classic    9615     
00010,886   32  04  44  45  00  00  00  00  00      72     classic    9615     
00010,905   C1  88  11                              66     classic    9615     
00010,914   61  8C  13  07  C3                      95     classic    9615     
00010,928   32  01  00  31  34  07  34  43  00      1B     classic    9615     
00010,946   C1  88  12                              65     classic    9615     
00010,955   61  8C  13  07  C3                      95     classic    9615     
00010,969   32  02  37  47  39  4E  00  00  00      F7     classic    9615     
00010,988   C1  88  13                              64     classic    9615     
00010,996   61  8C  13  07  C3                      95     classic    9615     
00011,010   32  03  33  46  38  38  30  00  00      E2     classic    9615     
00011,029   C1  88  14                              63     classic    9615     
00011,038   61  8C  13  07  C3                      95     classic    9615     
00011,052   32  04  44  45  00  00  00  00  00      72     classic    9615     
00011,071   C1  88  15                              62     classic    9615     
00011,080   61  8C  13  07  C3                      95     classic    9615     
00011,094   32  01  00  31  34  07  34  43  00      1B     classic    9615     
00011,113   C1  88  16                              61     classic    9615     
00011,122   61  8C  13  07  C3                      95     classic    9615     
00011,135   32  02  37  47  39  4E  00  00  00      F7     classic    9615     
00011,154   C1  88  17                              60     classic    9615     
00011,163   61  8C  13  07  C3                      95     classic    9615     
00011,177   32  03  33  46  38  38  30  00  00      E2     classic    9615     
00011,196   C1  88  18                              5F     classic    9615     
00011,205   61  8C  13  07  C3                      95     classic    9615     
00011,219   32  04  44  45  00  00  00  00  00      72     classic    9615     
00011,238   C1  84  19                              62     classic    9615     
00011,247   61  8C  13  07  C3                      95     classic    9615     
00011,255   11  00  00                              FF     classic    9615     
00011,264   C1  84  1A                              61     classic    9615