00119,583   11  00  00                              FF     classic    9615
00119,592   B1  01  A4  3C  F0  97  00  3B  EA      6F     classic    9615
00119,611   F5  02  00  00  00  00  00  00  00      FD     classic    9615
00119,630   F5  02  00  00  00  00  00  00  00      FD     classic    9615
00119,648   F5  41  51  2E  00  99  00  00  00      A5     classic    9615
00119,667   F5  41  51  2E  00  99  00  00  00      A5     classic    9615
00119,681   B1  05  99  77  50  45  00  00  00      54     classic    9615
00119,700   F5  22  3D  32  25  A1  F8  2F  91      ED     classic    9615
00119,719   F5  22  3D  32  25  A1  F8  2F  91      ED     classic    9615
00119,737   F5  41  B5  EF  16  4E  00  00  00      B4     classic    9615
00119,757   F5  41  B5  EF  16  4E  00  00  00      B4     classic    9615
00119,776   11  00  00                              FF     classic    9615
00119,784   C1  04  01                              FA     classic    9615
00119,793   92                                                        9615
00119,802   11  00  00                              FF     classic    9615
00119,811   37  04  02  7E  4D  7B  47  DB  00      8F     classic    9615
00119,830   2E  00  00  67  00  00  63  99  71      2A     classic    9615
00119,843   7D  30  7A  B9  1B  9E  C7  00  00      1A     classic    9615
00119,862   7D  30  7A  B9  1B  9E  C7  00  00      1A     classic    9615
00119,881   C1  08  03                              F4     classic    9615
00119,890   C1  08  04                              F3     classic    9615
00119,899   C1  08  05                              F2     classic    9615
00119,908   C1  08  06                              F1     classic    9615
00119,917   C1  08  07                              F0     classic    9615
00119,926   C1  08  08                              EF     classic    9615
00119,934   C1  08  09                              EE     classic    9615
00119,943   C1  08  0A                              ED     classic    9615
00119,952   C1  08  0B                              EC     classic    9615
00119,960   C1  08  0C                              EB     classic    9615
00119,969   C1  08  0D                              EA     classic    9615
00119,978   C1  08  0E                              E9     classic    9615
00119,987   C1  08  0F                              E8     classic    9615
00119,996   C1  08  10                              E7     classic    9615
00120,005   C1  08  11                              E6     classic    9615
00120,014   C1  08  12                              E5     classic    9615
00120,023   C1  08  13                              E4     classic    9615
00120,032   C1  08  14                              E3     classic    9615
00120,041   C1  08  15                              E2     classic    9615
00120,050   C1  08  16                              E1     classic    9615
00120,058   C1  08  17                              E0     classic    9615
00120,067   C1  08  18                              DF     classic    9615
00120,076   C1  08  19                              DE     classic    9615
00120,085   C1  08  1A                              DD     classic    9615
00120,094   C1  08  1B                              DC     classic    9615
00120,103   C1  07  1C                              DC     classic    9615
00120,111   C1  07  1D                              DB     classic    9615
00120,120   11  00  00                              FF     classic    9615
00120,129   C1                                                        9615
00120,138   92                                                        9615
00120,146   00                                                        9597
00127,839   11  00  00                              FF     classic    9615
00127,848   C1                                                        9615
00127,857   92                                                        9615
00127,866   11  00  00                              FF     classic    9615
00127,875   C1                                                        9615
00127,884   92                                                        9615
00127,893   11  00  00                              FF     classic    9615
00127,902   C1  08  01                              F6     classic    9615
00127,911   92                                                        9615
00127,919   11  00  00                              FF     classic    9615
00127,928   C1  08  02                              F5     classic    9615
00127,937   92                                                        9615
00127,945   11  00  00                              FF     classic    9615
00127,954   C1  07  03                              F5     classic    9615
00127,963   92                                                        9615
00127,972   11  00  00                              FF     classic    9615
00127,981   C1  07  04                              F4     classic    9615
00127,990   92                                                        9615
00127,999   37  07  05  35  8B  7C  6B  34  00      17     classic    9615
00128,018   2E  00  00  37  00  00  33  CC  75      53     classic    9615
00128,037   6F  00  60                              9F     classic    9615
00128,045   37  07  06  35  8B  7C  6B  34  00      16     classic    9615
00128,064   2E  00  00  17  00  00  13  EE  75      71     classic    9615
00128,083   6F  00  60                              9F     classic    9615
00128,092   37  07  07  35  8B  7C  6B  34  00      15     classic    9615
00128,111   2E  00  00  E7  00  00  E3  11  75      AD     classic    9615
00128,129   6F  00  60                              9F     classic    9615
00128,138   37  07  08  35  8B  7C  6B  34  00      14     classic    9615
00128,157   2E  00  00  C7  00  00  C3  33  75      CB     classic    9615
00128,176   6F  00  60                              9F     classic    9615
00128,185   37  07  09  35  8B  7C  6B  34  00      13     classic    9615
00128,203   2E  00  00  97  00  00  93  66  75      F8     classic    9615
00128,222   6F  00  60                              9F     classic    9615
00128,231   37  87  0A  35  8B  7C  6B  34  00      91     classic    9615
00128,250   7D  CF  00  00  00  00  00  00  00      30     classic    9615
00128,268   7D  CF  00  00  00  00  00  00  00      30     classic    9615
00128,287   C1  88  0B                              6C     classic    9615
00128,296   C1  88  0C                              6B     classic    9615
00128,305   C1  88  0D                              6A     classic    9615
00128,314   61  8C  13  07  C3                      95     classic    9615
00128,329   32  01  00  31  34  07  34  43  00      1B     classic    9615
00128,347   C1  88  0E                              69     classic    9615
00128,356   61  8C  13  07  C3                      95     classic    9615
00128,370   32  02  37  47  39  4E  00  00  00      F7     classic    9615
00128,388   C1  88  0F                              68     classic    9615
00128,397   61  8C  13  07  C3                      95     classic    9615
00128,411   32  03  33  46  38  38  30  00  00      E2     classic    9615
00128,430   C1  88  10                              67     classic    9615
00128,439   61  8C  13  07  C3                      95     classic    9615
00128,453   32  04  44  45  00  00  00  00  00      72     classic    9615
00128,472   C1  88  11                              66     classic    9615
00128,481   61  8C  13  07  C3                      95     classic    9615
00128,495   32  01  00  31  34  07  34  43  00      1B     classic    9615
00128,513   C1  88  12                              65     classic    9615
00128,522   61  8C  13  07  C3                      95     classic    9615
00128,535   32  02  37  47  39  4E  00  00  00      F7     classic    9615
00128,554   C1  88  13                              64     classic    9615
00128,563   61  8C  13  07  C3                      95     classic    9615
00128,577   32  03  33  46  38  38  30  00  00      E2     classic    9615
00128,596   C1  88  14                              63     classic    9615
00128,605   61  8C  13  07  C3                      95     classic    9615
00128,619   32  04  44  45  00  00  00  00  00      72     classic    9615
00128,637   C1  88  15                              62     classic    9615
00128,646   61  8C  13  07  C3                      95     classic    9615
00128,661   32  01  00  31  34  07  34  43  00      1B     classic    9615
00128,679   C1  88  16                              61     classic    9615
00128,688   61  8C  13  07  C3                      95     classic    9615
00128,702   32  02  37  47  39  4E  00  00  00      F7     classic    9615
00128,720   C1  88  17                              60     classic    9615
00128,729   61  8C  13  07  C3                      95     classic    9615
00128,742   32  03  33  46  38  38  30  00  00      E2     classic    9615
00128,761   C1  88  18                              5F     classic    9615
00128,771   61  8C  13  07  C3                      95     classic    9615
00128,784   32  04  44  45  00  00  00  00  00      72     classic    9615
00128,803   C1  84  19                              62     classic    9615
00128,812   61  8C  13  07  C3                      95     classic    9615
00128,821   11  00  00                              FF     classic    9615
00128,830   C1                                      E4                9615
00128,839   92                                                        9615
00128,848   00                                                        9597
